/usr/local/bin/picard: line 5: warning: setlocale: LC_ALL: cannot change locale (en_US.UTF-8): No such file or directory
INFO	2025-07-24 13:40:21	RExecutor	Executing R script via command: Rscript /tmp/script13713839918366345818.R
ERROR	2025-07-24 13:40:21	ProcessExecutor	/bin/sh: warning: setlocale: LC_ALL: cannot change locale (en_US.UTF-8)
ERROR	2025-07-24 13:40:21	ProcessExecutor	sh: warning: setlocale: LC_ALL: cannot change locale (en_US.UTF-8)
ERROR	2025-07-24 13:40:21	ProcessExecutor	sh: warning: setlocale: LC_ALL: cannot change locale (en_US.UTF-8)
ERROR	2025-07-24 13:40:21	ProcessExecutor	During startup - Warning messages:
ERROR	2025-07-24 13:40:21	ProcessExecutor	1: Setting LC_CTYPE failed, using "C" 
ERROR	2025-07-24 13:40:21	ProcessExecutor	2: Setting LC_COLLATE failed, using "C" 
ERROR	2025-07-24 13:40:21	ProcessExecutor	3: Setting LC_TIME failed, using "C" 
ERROR	2025-07-24 13:40:21	ProcessExecutor	4: Setting LC_MESSAGES failed, using "C" 
ERROR	2025-07-24 13:40:21	ProcessExecutor	5: Setting LC_MONETARY failed, using "C" 
ERROR	2025-07-24 13:40:21	ProcessExecutor	6: Setting LC_PAPER failed, using "C" 
ERROR	2025-07-24 13:40:21	ProcessExecutor	7: Setting LC_MEASUREMENT failed, using "C" 
INFO	2025-07-24 13:40:21	ProcessExecutor	[1] "Checking if R is installed"
ERROR	2025-07-24 13:40:21	ProcessExecutor	sh: warning: setlocale: LC_ALL: cannot change locale (en_US.UTF-8)
13:40:21.777 INFO  NativeLibraryLoader - Loading libgkl_compression.so from jar:file:/usr/local/share/picard-3.0.0-1/picard.jar!/com/intel/gkl/native/libgkl_compression.so
[Thu Jul 24 13:40:21 GMT 2025] CollectMultipleMetrics --INPUT OSMOTIC_STRESS_T0_PE_REP2.mLb.clN.sorted.bam --OUTPUT OSMOTIC_STRESS_T0_PE_REP2.mLb.clN.CollectMultipleMetrics --TMP_DIR tmp --VALIDATION_STRINGENCY LENIENT --REFERENCE_SEQUENCE genome.fa --ASSUME_SORTED true --STOP_AFTER 0 --METRIC_ACCUMULATION_LEVEL ALL_READS --PROGRAM CollectAlignmentSummaryMetrics --PROGRAM CollectBaseDistributionByCycle --PROGRAM CollectInsertSizeMetrics --PROGRAM MeanQualityByCycle --PROGRAM QualityScoreDistribution --INCLUDE_UNPAIRED false --VERBOSITY INFO --QUIET false --COMPRESSION_LEVEL 5 --MAX_RECORDS_IN_RAM 500000 --CREATE_INDEX false --CREATE_MD5_FILE false --help false --version false --showHidden false --USE_JDK_DEFLATER false --USE_JDK_INFLATER false
[Thu Jul 24 13:40:21 GMT 2025] Executing as root@4aed423a4ae1 on Linux 5.15.0-143-generic amd64; OpenJDK 64-Bit Server VM 17.0.3-internal+0-adhoc..src; Deflater: Intel; Inflater: Intel; Provider GCS is not available; Picard version: Version:3.0.0
INFO	2025-07-24 13:40:23	RExecutor	Executing R script via command: Rscript /tmp/script52723641036077515.R /storage/nf-core/exec/nextflow_workflow_tracer/work/19/6d395b8438d6eb1b6266128acf0771/OSMOTIC_STRESS_T0_PE_REP2.mLb.clN.CollectMultipleMetrics.alignment_summary_metrics /storage/nf-core/exec/nextflow_workflow_tracer/work/19/6d395b8438d6eb1b6266128acf0771/OSMOTIC_STRESS_T0_PE_REP2.mLb.clN.CollectMultipleMetrics.read_length_histogram.pdf OSMOTIC_STRESS_T0_PE_REP2.mLb.clN.sorted.bam
ERROR	2025-07-24 13:40:23	ProcessExecutor	/bin/sh: warning: setlocale: LC_ALL: cannot change locale (en_US.UTF-8)
ERROR	2025-07-24 13:40:23	ProcessExecutor	sh: warning: setlocale: LC_ALL: cannot change locale (en_US.UTF-8)
ERROR	2025-07-24 13:40:23	ProcessExecutor	sh: warning: setlocale: LC_ALL: cannot change locale (en_US.UTF-8)
ERROR	2025-07-24 13:40:23	ProcessExecutor	During startup - Warning messages:
ERROR	2025-07-24 13:40:23	ProcessExecutor	1: Setting LC_CTYPE failed, using "C" 
ERROR	2025-07-24 13:40:23	ProcessExecutor	2: Setting LC_COLLATE failed, using "C" 
ERROR	2025-07-24 13:40:23	ProcessExecutor	3: Setting LC_TIME failed, using "C" 
ERROR	2025-07-24 13:40:23	ProcessExecutor	4: Setting LC_MESSAGES failed, using "C" 
ERROR	2025-07-24 13:40:23	ProcessExecutor	5: Setting LC_MONETARY failed, using "C" 
ERROR	2025-07-24 13:40:23	ProcessExecutor	6: Setting LC_PAPER failed, using "C" 
ERROR	2025-07-24 13:40:23	ProcessExecutor	7: Setting LC_MEASUREMENT failed, using "C" 
INFO	2025-07-24 13:40:23	ProcessExecutor	null device 
INFO	2025-07-24 13:40:23	ProcessExecutor	          1 
ERROR	2025-07-24 13:40:23	ProcessExecutor	sh: warning: setlocale: LC_ALL: cannot change locale (en_US.UTF-8)
INFO	2025-07-24 13:40:23	RExecutor	Executing R script via command: Rscript /tmp/script10692283647171474737.R /storage/nf-core/exec/nextflow_workflow_tracer/work/19/6d395b8438d6eb1b6266128acf0771/OSMOTIC_STRESS_T0_PE_REP2.mLb.clN.CollectMultipleMetrics.base_distribution_by_cycle_metrics /storage/nf-core/exec/nextflow_workflow_tracer/work/19/6d395b8438d6eb1b6266128acf0771/OSMOTIC_STRESS_T0_PE_REP2.mLb.clN.CollectMultipleMetrics.base_distribution_by_cycle.pdf OSMOTIC_STRESS_T0_PE_REP2.mLb.clN.sorted.bam OSMOTIC_STRESS_T0_PE_REP2_T1
ERROR	2025-07-24 13:40:23	ProcessExecutor	/bin/sh: warning: setlocale: LC_ALL: cannot change locale (en_US.UTF-8)
ERROR	2025-07-24 13:40:23	ProcessExecutor	sh: warning: setlocale: LC_ALL: cannot change locale (en_US.UTF-8)
ERROR	2025-07-24 13:40:23	ProcessExecutor	sh: warning: setlocale: LC_ALL: cannot change locale (en_US.UTF-8)
ERROR	2025-07-24 13:40:23	ProcessExecutor	During startup - Warning messages:
ERROR	2025-07-24 13:40:23	ProcessExecutor	1: Setting LC_CTYPE failed, using "C" 
ERROR	2025-07-24 13:40:23	ProcessExecutor	2: Setting LC_COLLATE failed, using "C" 
ERROR	2025-07-24 13:40:23	ProcessExecutor	3: Setting LC_TIME failed, using "C" 
ERROR	2025-07-24 13:40:23	ProcessExecutor	4: Setting LC_MESSAGES failed, using "C" 
ERROR	2025-07-24 13:40:23	ProcessExecutor	5: Setting LC_MONETARY failed, using "C" 
ERROR	2025-07-24 13:40:23	ProcessExecutor	6: Setting LC_PAPER failed, using "C" 
ERROR	2025-07-24 13:40:23	ProcessExecutor	7: Setting LC_MEASUREMENT failed, using "C" 
INFO	2025-07-24 13:40:23	ProcessExecutor	null device 
INFO	2025-07-24 13:40:23	ProcessExecutor	          1 
ERROR	2025-07-24 13:40:23	ProcessExecutor	sh: warning: setlocale: LC_ALL: cannot change locale (en_US.UTF-8)
INFO	2025-07-24 13:40:23	RExecutor	Executing R script via command: Rscript /tmp/script6889542273220314625.R /storage/nf-core/exec/nextflow_workflow_tracer/work/19/6d395b8438d6eb1b6266128acf0771/OSMOTIC_STRESS_T0_PE_REP2.mLb.clN.CollectMultipleMetrics.insert_size_metrics /storage/nf-core/exec/nextflow_workflow_tracer/work/19/6d395b8438d6eb1b6266128acf0771/OSMOTIC_STRESS_T0_PE_REP2.mLb.clN.CollectMultipleMetrics.insert_size_histogram.pdf OSMOTIC_STRESS_T0_PE_REP2.mLb.clN.sorted.bam
ERROR	2025-07-24 13:40:23	ProcessExecutor	/bin/sh: warning: setlocale: LC_ALL: cannot change locale (en_US.UTF-8)
ERROR	2025-07-24 13:40:23	ProcessExecutor	sh: warning: setlocale: LC_ALL: cannot change locale (en_US.UTF-8)
ERROR	2025-07-24 13:40:23	ProcessExecutor	sh: warning: setlocale: LC_ALL: cannot change locale (en_US.UTF-8)
ERROR	2025-07-24 13:40:23	ProcessExecutor	During startup - Warning messages:
ERROR	2025-07-24 13:40:23	ProcessExecutor	1: Setting LC_CTYPE failed, using "C" 
ERROR	2025-07-24 13:40:23	ProcessExecutor	2: Setting LC_COLLATE failed, using "C" 
ERROR	2025-07-24 13:40:23	ProcessExecutor	3: Setting LC_TIME failed, using "C" 
ERROR	2025-07-24 13:40:23	ProcessExecutor	4: Setting LC_MESSAGES failed, using "C" 
ERROR	2025-07-24 13:40:23	ProcessExecutor	5: Setting LC_MONETARY failed, using "C" 
ERROR	2025-07-24 13:40:23	ProcessExecutor	6: Setting LC_PAPER failed, using "C" 
ERROR	2025-07-24 13:40:23	ProcessExecutor	7: Setting LC_MEASUREMENT failed, using "C" 
INFO	2025-07-24 13:40:23	ProcessExecutor	null device 
INFO	2025-07-24 13:40:23	ProcessExecutor	          1 
ERROR	2025-07-24 13:40:23	ProcessExecutor	sh: warning: setlocale: LC_ALL: cannot change locale (en_US.UTF-8)
INFO	2025-07-24 13:40:24	RExecutor	Executing R script via command: Rscript /tmp/script17094075729042896295.R /storage/nf-core/exec/nextflow_workflow_tracer/work/19/6d395b8438d6eb1b6266128acf0771/OSMOTIC_STRESS_T0_PE_REP2.mLb.clN.CollectMultipleMetrics.quality_by_cycle_metrics /storage/nf-core/exec/nextflow_workflow_tracer/work/19/6d395b8438d6eb1b6266128acf0771/OSMOTIC_STRESS_T0_PE_REP2.mLb.clN.CollectMultipleMetrics.quality_by_cycle.pdf OSMOTIC_STRESS_T0_PE_REP2.mLb.clN.sorted.bam OSMOTIC_STRESS_T0_PE_REP2_T1
ERROR	2025-07-24 13:40:24	ProcessExecutor	/bin/sh: warning: setlocale: LC_ALL: cannot change locale (en_US.UTF-8)
ERROR	2025-07-24 13:40:24	ProcessExecutor	sh: warning: setlocale: LC_ALL: cannot change locale (en_US.UTF-8)
ERROR	2025-07-24 13:40:24	ProcessExecutor	sh: warning: setlocale: LC_ALL: cannot change locale (en_US.UTF-8)
ERROR	2025-07-24 13:40:24	ProcessExecutor	During startup - Warning messages:
ERROR	2025-07-24 13:40:24	ProcessExecutor	1: Setting LC_CTYPE failed, using "C" 
ERROR	2025-07-24 13:40:24	ProcessExecutor	2: Setting LC_COLLATE failed, using "C" 
ERROR	2025-07-24 13:40:24	ProcessExecutor	3: Setting LC_TIME failed, using "C" 
ERROR	2025-07-24 13:40:24	ProcessExecutor	4: Setting LC_MESSAGES failed, using "C" 
ERROR	2025-07-24 13:40:24	ProcessExecutor	5: Setting LC_MONETARY failed, using "C" 
ERROR	2025-07-24 13:40:24	ProcessExecutor	6: Setting LC_PAPER failed, using "C" 
ERROR	2025-07-24 13:40:24	ProcessExecutor	7: Setting LC_MEASUREMENT failed, using "C" 
INFO	2025-07-24 13:40:24	ProcessExecutor	null device 
INFO	2025-07-24 13:40:24	ProcessExecutor	          1 
ERROR	2025-07-24 13:40:24	ProcessExecutor	sh: warning: setlocale: LC_ALL: cannot change locale (en_US.UTF-8)
INFO	2025-07-24 13:40:24	RExecutor	Executing R script via command: Rscript /tmp/script13998167338858531672.R /storage/nf-core/exec/nextflow_workflow_tracer/work/19/6d395b8438d6eb1b6266128acf0771/OSMOTIC_STRESS_T0_PE_REP2.mLb.clN.CollectMultipleMetrics.quality_distribution_metrics /storage/nf-core/exec/nextflow_workflow_tracer/work/19/6d395b8438d6eb1b6266128acf0771/OSMOTIC_STRESS_T0_PE_REP2.mLb.clN.CollectMultipleMetrics.quality_distribution.pdf OSMOTIC_STRESS_T0_PE_REP2.mLb.clN.sorted.bam OSMOTIC_STRESS_T0_PE_REP2_T1
ERROR	2025-07-24 13:40:24	ProcessExecutor	/bin/sh: warning: setlocale: LC_ALL: cannot change locale (en_US.UTF-8)
ERROR	2025-07-24 13:40:24	ProcessExecutor	sh: warning: setlocale: LC_ALL: cannot change locale (en_US.UTF-8)
ERROR	2025-07-24 13:40:24	ProcessExecutor	sh: warning: setlocale: LC_ALL: cannot change locale (en_US.UTF-8)
ERROR	2025-07-24 13:40:24	ProcessExecutor	During startup - Warning messages:
ERROR	2025-07-24 13:40:24	ProcessExecutor	1: Setting LC_CTYPE failed, using "C" 
ERROR	2025-07-24 13:40:24	ProcessExecutor	2: Setting LC_COLLATE failed, using "C" 
ERROR	2025-07-24 13:40:24	ProcessExecutor	3: Setting LC_TIME failed, using "C" 
ERROR	2025-07-24 13:40:24	ProcessExecutor	4: Setting LC_MESSAGES failed, using "C" 
ERROR	2025-07-24 13:40:24	ProcessExecutor	5: Setting LC_MONETARY failed, using "C" 
ERROR	2025-07-24 13:40:24	ProcessExecutor	6: Setting LC_PAPER failed, using "C" 
ERROR	2025-07-24 13:40:24	ProcessExecutor	7: Setting LC_MEASUREMENT failed, using "C" 
INFO	2025-07-24 13:40:24	ProcessExecutor	null device 
INFO	2025-07-24 13:40:24	ProcessExecutor	          1 
ERROR	2025-07-24 13:40:24	ProcessExecutor	sh: warning: setlocale: LC_ALL: cannot change locale (en_US.UTF-8)
[Thu Jul 24 13:40:24 GMT 2025] picard.analysis.CollectMultipleMetrics done. Elapsed time: 0.05 minutes.
Runtime.totalMemory()=97320960
