Using GATK jar /usr/local/share/gatk4-4.5.0.0-0/gatk-package-4.5.0.0-local.jar
Running:
    java -Dsamjdk.use_async_io_read_samtools=false -Dsamjdk.use_async_io_write_samtools=true -Dsamjdk.use_async_io_write_tribble=false -Dsamjdk.compression_level=2 -Xmx3276M -XX:-UsePerfData -jar /usr/local/share/gatk4-4.5.0.0-0/gatk-package-4.5.0.0-local.jar ApplyBQSR --input test.md.cram --output test.recal.cram --reference genome.fasta --bqsr-recal-file test.recal.table --intervals chr22_1-40001.bed --tmp-dir .
15:53:32.638 INFO  NativeLibraryLoader - Loading libgkl_compression.so from jar:file:/usr/local/share/gatk4-4.5.0.0-0/gatk-package-4.5.0.0-local.jar!/com/intel/gkl/native/libgkl_compression.so
15:53:32.728 INFO  ApplyBQSR - ------------------------------------------------------------
15:53:32.730 INFO  ApplyBQSR - The Genome Analysis Toolkit (GATK) v4.5.0.0
15:53:32.730 INFO  ApplyBQSR - For support and documentation go to https://software.broadinstitute.org/gatk/
15:53:32.730 INFO  ApplyBQSR - Executing as ?@d491bdb4f738 on Linux v5.15.0-143-generic amd64
15:53:32.730 INFO  ApplyBQSR - Java runtime: OpenJDK 64-Bit Server VM v17.0.10-internal+0-adhoc..src
15:53:32.731 INFO  ApplyBQSR - Start Date/Time: July 23, 2025 at 3:53:32 PM GMT
15:53:32.731 INFO  ApplyBQSR - ------------------------------------------------------------
15:53:32.731 INFO  ApplyBQSR - ------------------------------------------------------------
15:53:32.731 INFO  ApplyBQSR - HTSJDK Version: 4.1.0
15:53:32.731 INFO  ApplyBQSR - Picard Version: 3.1.1
15:53:32.731 INFO  ApplyBQSR - Built for Spark Version: 3.5.0
15:53:32.732 INFO  ApplyBQSR - HTSJDK Defaults.COMPRESSION_LEVEL : 2
15:53:32.732 INFO  ApplyBQSR - HTSJDK Defaults.USE_ASYNC_IO_READ_FOR_SAMTOOLS : false
15:53:32.732 INFO  ApplyBQSR - HTSJDK Defaults.USE_ASYNC_IO_WRITE_FOR_SAMTOOLS : true
15:53:32.732 INFO  ApplyBQSR - HTSJDK Defaults.USE_ASYNC_IO_WRITE_FOR_TRIBBLE : false
15:53:32.732 INFO  ApplyBQSR - Deflater: IntelDeflater
15:53:32.732 INFO  ApplyBQSR - Inflater: IntelInflater
15:53:32.732 INFO  ApplyBQSR - GCS max retries/reopens: 20
15:53:32.732 INFO  ApplyBQSR - Requester pays: disabled
15:53:32.733 INFO  ApplyBQSR - Initializing engine
15:53:32.870 INFO  FeatureManager - Using codec BEDCodec to read file file:///storage/nf-core/exec/nextflow_workflow_tracer/work/df/1dd368d840f3f63118edaf1a3c1f18/chr22_1-40001.bed
15:53:32.879 INFO  IntervalArgumentCollection - Processing 40001 bp from intervals
15:53:32.882 INFO  ApplyBQSR - Done initializing engine
15:53:32.893 INFO  ProgressMeter - Starting traversal
15:53:32.893 INFO  ProgressMeter -        Current Locus  Elapsed Minutes       Reads Processed     Reads/Minute
15:53:34.433 INFO  ApplyBQSR - 0 read(s) filtered by: WellformedReadFilter 

15:53:34.433 INFO  ProgressMeter -          chr22:38167              0.0                 37424        1458077.9
15:53:34.434 INFO  ProgressMeter - Traversal complete. Processed 37424 total reads in 0.0 minutes.
15:53:34.531 INFO  ApplyBQSR - Shutting down engine
[July 23, 2025 at 3:53:34 PM GMT] org.broadinstitute.hellbender.tools.walkers.bqsr.ApplyBQSR done. Elapsed time: 0.03 minutes.
Runtime.totalMemory()=343932928
