/usr/local/bin/picard: line 5: warning: setlocale: LC_ALL: cannot change locale (en_US.UTF-8): No such file or directory
INFO	2025-07-23 16:01:14	RExecutor	Executing R script via command: Rscript /tmp/script18101388868971083511.R
ERROR	2025-07-23 16:01:14	ProcessExecutor	/bin/sh: warning: setlocale: LC_ALL: cannot change locale (en_US.UTF-8)
ERROR	2025-07-23 16:01:15	ProcessExecutor	sh: warning: setlocale: LC_ALL: cannot change locale (en_US.UTF-8)
ERROR	2025-07-23 16:01:15	ProcessExecutor	sh: warning: setlocale: LC_ALL: cannot change locale (en_US.UTF-8)
ERROR	2025-07-23 16:01:15	ProcessExecutor	During startup - Warning messages:
ERROR	2025-07-23 16:01:15	ProcessExecutor	1: Setting LC_CTYPE failed, using "C" 
ERROR	2025-07-23 16:01:15	ProcessExecutor	2: Setting LC_COLLATE failed, using "C" 
ERROR	2025-07-23 16:01:15	ProcessExecutor	3: Setting LC_TIME failed, using "C" 
ERROR	2025-07-23 16:01:15	ProcessExecutor	4: Setting LC_MESSAGES failed, using "C" 
ERROR	2025-07-23 16:01:15	ProcessExecutor	5: Setting LC_MONETARY failed, using "C" 
ERROR	2025-07-23 16:01:15	ProcessExecutor	6: Setting LC_PAPER failed, using "C" 
ERROR	2025-07-23 16:01:15	ProcessExecutor	7: Setting LC_MEASUREMENT failed, using "C" 
INFO	2025-07-23 16:01:15	ProcessExecutor	[1] "Checking if R is installed"
ERROR	2025-07-23 16:01:15	ProcessExecutor	sh: warning: setlocale: LC_ALL: cannot change locale (en_US.UTF-8)
16:01:15.136 INFO  NativeLibraryLoader - Loading libgkl_compression.so from jar:file:/usr/local/share/picard-3.0.0-1/picard.jar!/com/intel/gkl/native/libgkl_compression.so
[Wed Jul 23 16:01:15 GMT 2025] CollectMultipleMetrics --INPUT OSMOTIC_STRESS_T0_PE_REP1.mLb.clN.sorted.bam --OUTPUT OSMOTIC_STRESS_T0_PE_REP1.mLb.clN.CollectMultipleMetrics --TMP_DIR tmp --VALIDATION_STRINGENCY LENIENT --REFERENCE_SEQUENCE genome.fa --ASSUME_SORTED true --STOP_AFTER 0 --METRIC_ACCUMULATION_LEVEL ALL_READS --PROGRAM CollectAlignmentSummaryMetrics --PROGRAM CollectBaseDistributionByCycle --PROGRAM CollectInsertSizeMetrics --PROGRAM MeanQualityByCycle --PROGRAM QualityScoreDistribution --INCLUDE_UNPAIRED false --VERBOSITY INFO --QUIET false --COMPRESSION_LEVEL 5 --MAX_RECORDS_IN_RAM 500000 --CREATE_INDEX false --CREATE_MD5_FILE false --help false --version false --showHidden false --USE_JDK_DEFLATER false --USE_JDK_INFLATER false
[Wed Jul 23 16:01:15 GMT 2025] Executing as root@a85d9c588392 on Linux 5.15.0-143-generic amd64; OpenJDK 64-Bit Server VM 17.0.3-internal+0-adhoc..src; Deflater: Intel; Inflater: Intel; Provider GCS is not available; Picard version: Version:3.0.0
INFO	2025-07-23 16:01:16	RExecutor	Executing R script via command: Rscript /tmp/script12542293348811633224.R /storage/nf-core/exec/nextflow_workflow_tracer/work/49/fceec806b58b916a0f558532a430ca/OSMOTIC_STRESS_T0_PE_REP1.mLb.clN.CollectMultipleMetrics.alignment_summary_metrics /storage/nf-core/exec/nextflow_workflow_tracer/work/49/fceec806b58b916a0f558532a430ca/OSMOTIC_STRESS_T0_PE_REP1.mLb.clN.CollectMultipleMetrics.read_length_histogram.pdf OSMOTIC_STRESS_T0_PE_REP1.mLb.clN.sorted.bam
ERROR	2025-07-23 16:01:16	ProcessExecutor	/bin/sh: warning: setlocale: LC_ALL: cannot change locale (en_US.UTF-8)
ERROR	2025-07-23 16:01:16	ProcessExecutor	sh: warning: setlocale: LC_ALL: cannot change locale (en_US.UTF-8)
ERROR	2025-07-23 16:01:16	ProcessExecutor	sh: warning: setlocale: LC_ALL: cannot change locale (en_US.UTF-8)
ERROR	2025-07-23 16:01:16	ProcessExecutor	During startup - Warning messages:
ERROR	2025-07-23 16:01:16	ProcessExecutor	1: Setting LC_CTYPE failed, using "C" 
ERROR	2025-07-23 16:01:16	ProcessExecutor	2: Setting LC_COLLATE failed, using "C" 
ERROR	2025-07-23 16:01:16	ProcessExecutor	3: Setting LC_TIME failed, using "C" 
ERROR	2025-07-23 16:01:16	ProcessExecutor	4: Setting LC_MESSAGES failed, using "C" 
ERROR	2025-07-23 16:01:16	ProcessExecutor	5: Setting LC_MONETARY failed, using "C" 
ERROR	2025-07-23 16:01:16	ProcessExecutor	6: Setting LC_PAPER failed, using "C" 
ERROR	2025-07-23 16:01:16	ProcessExecutor	7: Setting LC_MEASUREMENT failed, using "C" 
INFO	2025-07-23 16:01:16	ProcessExecutor	null device 
INFO	2025-07-23 16:01:16	ProcessExecutor	          1 
ERROR	2025-07-23 16:01:16	ProcessExecutor	sh: warning: setlocale: LC_ALL: cannot change locale (en_US.UTF-8)
INFO	2025-07-23 16:01:16	RExecutor	Executing R script via command: Rscript /tmp/script10515373465089662960.R /storage/nf-core/exec/nextflow_workflow_tracer/work/49/fceec806b58b916a0f558532a430ca/OSMOTIC_STRESS_T0_PE_REP1.mLb.clN.CollectMultipleMetrics.base_distribution_by_cycle_metrics /storage/nf-core/exec/nextflow_workflow_tracer/work/49/fceec806b58b916a0f558532a430ca/OSMOTIC_STRESS_T0_PE_REP1.mLb.clN.CollectMultipleMetrics.base_distribution_by_cycle.pdf OSMOTIC_STRESS_T0_PE_REP1.mLb.clN.sorted.bam OSMOTIC_STRESS_T0_PE_REP1_T1
ERROR	2025-07-23 16:01:16	ProcessExecutor	/bin/sh: warning: setlocale: LC_ALL: cannot change locale (en_US.UTF-8)
ERROR	2025-07-23 16:01:16	ProcessExecutor	sh: warning: setlocale: LC_ALL: cannot change locale (en_US.UTF-8)
ERROR	2025-07-23 16:01:16	ProcessExecutor	sh: warning: setlocale: LC_ALL: cannot change locale (en_US.UTF-8)
ERROR	2025-07-23 16:01:16	ProcessExecutor	During startup - Warning messages:
ERROR	2025-07-23 16:01:16	ProcessExecutor	1: Setting LC_CTYPE failed, using "C" 
ERROR	2025-07-23 16:01:16	ProcessExecutor	2: Setting LC_COLLATE failed, using "C" 
ERROR	2025-07-23 16:01:16	ProcessExecutor	3: Setting LC_TIME failed, using "C" 
ERROR	2025-07-23 16:01:16	ProcessExecutor	4: Setting LC_MESSAGES failed, using "C" 
ERROR	2025-07-23 16:01:16	ProcessExecutor	5: Setting LC_MONETARY failed, using "C" 
ERROR	2025-07-23 16:01:16	ProcessExecutor	6: Setting LC_PAPER failed, using "C" 
ERROR	2025-07-23 16:01:16	ProcessExecutor	7: Setting LC_MEASUREMENT failed, using "C" 
INFO	2025-07-23 16:01:16	ProcessExecutor	null device 
INFO	2025-07-23 16:01:16	ProcessExecutor	          1 
ERROR	2025-07-23 16:01:16	ProcessExecutor	sh: warning: setlocale: LC_ALL: cannot change locale (en_US.UTF-8)
INFO	2025-07-23 16:01:16	RExecutor	Executing R script via command: Rscript /tmp/script6420189686323972491.R /storage/nf-core/exec/nextflow_workflow_tracer/work/49/fceec806b58b916a0f558532a430ca/OSMOTIC_STRESS_T0_PE_REP1.mLb.clN.CollectMultipleMetrics.insert_size_metrics /storage/nf-core/exec/nextflow_workflow_tracer/work/49/fceec806b58b916a0f558532a430ca/OSMOTIC_STRESS_T0_PE_REP1.mLb.clN.CollectMultipleMetrics.insert_size_histogram.pdf OSMOTIC_STRESS_T0_PE_REP1.mLb.clN.sorted.bam
ERROR	2025-07-23 16:01:16	ProcessExecutor	/bin/sh: warning: setlocale: LC_ALL: cannot change locale (en_US.UTF-8)
ERROR	2025-07-23 16:01:16	ProcessExecutor	sh: warning: setlocale: LC_ALL: cannot change locale (en_US.UTF-8)
ERROR	2025-07-23 16:01:16	ProcessExecutor	sh: warning: setlocale: LC_ALL: cannot change locale (en_US.UTF-8)
ERROR	2025-07-23 16:01:16	ProcessExecutor	During startup - Warning messages:
ERROR	2025-07-23 16:01:16	ProcessExecutor	1: Setting LC_CTYPE failed, using "C" 
ERROR	2025-07-23 16:01:16	ProcessExecutor	2: Setting LC_COLLATE failed, using "C" 
ERROR	2025-07-23 16:01:16	ProcessExecutor	3: Setting LC_TIME failed, using "C" 
ERROR	2025-07-23 16:01:16	ProcessExecutor	4: Setting LC_MESSAGES failed, using "C" 
ERROR	2025-07-23 16:01:16	ProcessExecutor	5: Setting LC_MONETARY failed, using "C" 
ERROR	2025-07-23 16:01:16	ProcessExecutor	6: Setting LC_PAPER failed, using "C" 
ERROR	2025-07-23 16:01:16	ProcessExecutor	7: Setting LC_MEASUREMENT failed, using "C" 
INFO	2025-07-23 16:01:16	ProcessExecutor	null device 
INFO	2025-07-23 16:01:16	ProcessExecutor	          1 
ERROR	2025-07-23 16:01:16	ProcessExecutor	sh: warning: setlocale: LC_ALL: cannot change locale (en_US.UTF-8)
INFO	2025-07-23 16:01:16	RExecutor	Executing R script via command: Rscript /tmp/script10750754903353772745.R /storage/nf-core/exec/nextflow_workflow_tracer/work/49/fceec806b58b916a0f558532a430ca/OSMOTIC_STRESS_T0_PE_REP1.mLb.clN.CollectMultipleMetrics.quality_by_cycle_metrics /storage/nf-core/exec/nextflow_workflow_tracer/work/49/fceec806b58b916a0f558532a430ca/OSMOTIC_STRESS_T0_PE_REP1.mLb.clN.CollectMultipleMetrics.quality_by_cycle.pdf OSMOTIC_STRESS_T0_PE_REP1.mLb.clN.sorted.bam OSMOTIC_STRESS_T0_PE_REP1_T1
ERROR	2025-07-23 16:01:17	ProcessExecutor	/bin/sh: warning: setlocale: LC_ALL: cannot change locale (en_US.UTF-8)
ERROR	2025-07-23 16:01:17	ProcessExecutor	sh: warning: setlocale: LC_ALL: cannot change locale (en_US.UTF-8)
ERROR	2025-07-23 16:01:17	ProcessExecutor	sh: warning: setlocale: LC_ALL: cannot change locale (en_US.UTF-8)
ERROR	2025-07-23 16:01:17	ProcessExecutor	During startup - Warning messages:
ERROR	2025-07-23 16:01:17	ProcessExecutor	1: Setting LC_CTYPE failed, using "C" 
ERROR	2025-07-23 16:01:17	ProcessExecutor	2: Setting LC_COLLATE failed, using "C" 
ERROR	2025-07-23 16:01:17	ProcessExecutor	3: Setting LC_TIME failed, using "C" 
ERROR	2025-07-23 16:01:17	ProcessExecutor	4: Setting LC_MESSAGES failed, using "C" 
ERROR	2025-07-23 16:01:17	ProcessExecutor	5: Setting LC_MONETARY failed, using "C" 
ERROR	2025-07-23 16:01:17	ProcessExecutor	6: Setting LC_PAPER failed, using "C" 
ERROR	2025-07-23 16:01:17	ProcessExecutor	7: Setting LC_MEASUREMENT failed, using "C" 
INFO	2025-07-23 16:01:17	ProcessExecutor	null device 
INFO	2025-07-23 16:01:17	ProcessExecutor	          1 
ERROR	2025-07-23 16:01:17	ProcessExecutor	sh: warning: setlocale: LC_ALL: cannot change locale (en_US.UTF-8)
INFO	2025-07-23 16:01:17	RExecutor	Executing R script via command: Rscript /tmp/script694287406130806212.R /storage/nf-core/exec/nextflow_workflow_tracer/work/49/fceec806b58b916a0f558532a430ca/OSMOTIC_STRESS_T0_PE_REP1.mLb.clN.CollectMultipleMetrics.quality_distribution_metrics /storage/nf-core/exec/nextflow_workflow_tracer/work/49/fceec806b58b916a0f558532a430ca/OSMOTIC_STRESS_T0_PE_REP1.mLb.clN.CollectMultipleMetrics.quality_distribution.pdf OSMOTIC_STRESS_T0_PE_REP1.mLb.clN.sorted.bam OSMOTIC_STRESS_T0_PE_REP1_T1
ERROR	2025-07-23 16:01:17	ProcessExecutor	/bin/sh: warning: setlocale: LC_ALL: cannot change locale (en_US.UTF-8)
ERROR	2025-07-23 16:01:17	ProcessExecutor	sh: warning: setlocale: LC_ALL: cannot change locale (en_US.UTF-8)
ERROR	2025-07-23 16:01:17	ProcessExecutor	sh: warning: setlocale: LC_ALL: cannot change locale (en_US.UTF-8)
ERROR	2025-07-23 16:01:17	ProcessExecutor	During startup - Warning messages:
ERROR	2025-07-23 16:01:17	ProcessExecutor	1: Setting LC_CTYPE failed, using "C" 
ERROR	2025-07-23 16:01:17	ProcessExecutor	2: Setting LC_COLLATE failed, using "C" 
ERROR	2025-07-23 16:01:17	ProcessExecutor	3: Setting LC_TIME failed, using "C" 
ERROR	2025-07-23 16:01:17	ProcessExecutor	4: Setting LC_MESSAGES failed, using "C" 
ERROR	2025-07-23 16:01:17	ProcessExecutor	5: Setting LC_MONETARY failed, using "C" 
ERROR	2025-07-23 16:01:17	ProcessExecutor	6: Setting LC_PAPER failed, using "C" 
ERROR	2025-07-23 16:01:17	ProcessExecutor	7: Setting LC_MEASUREMENT failed, using "C" 
INFO	2025-07-23 16:01:17	ProcessExecutor	null device 
INFO	2025-07-23 16:01:17	ProcessExecutor	          1 
ERROR	2025-07-23 16:01:17	ProcessExecutor	sh: warning: setlocale: LC_ALL: cannot change locale (en_US.UTF-8)
[Wed Jul 23 16:01:17 GMT 2025] picard.analysis.CollectMultipleMetrics done. Elapsed time: 0.04 minutes.
Runtime.totalMemory()=97320960
