Using GATK jar /usr/local/share/gatk4-4.5.0.0-0/gatk-package-4.5.0.0-local.jar
Running:
    java -Dsamjdk.use_async_io_read_samtools=false -Dsamjdk.use_async_io_write_samtools=true -Dsamjdk.use_async_io_write_tribble=false -Dsamjdk.compression_level=2 -Xmx3276M -XX:-UsePerfData -jar /usr/local/share/gatk4-4.5.0.0-0/gatk-package-4.5.0.0-local.jar BaseRecalibrator --input test.md.cram --output test.recal.table --reference genome.fasta --intervals chr22_1-40001.bed --known-sites dbsnp_146.hg38.vcf.gz --known-sites mills_and_1000G.indels.vcf.gz --tmp-dir .
15:53:23.881 INFO  NativeLibraryLoader - Loading libgkl_compression.so from jar:file:/usr/local/share/gatk4-4.5.0.0-0/gatk-package-4.5.0.0-local.jar!/com/intel/gkl/native/libgkl_compression.so
15:53:23.977 INFO  BaseRecalibrator - ------------------------------------------------------------
15:53:23.979 INFO  BaseRecalibrator - The Genome Analysis Toolkit (GATK) v4.5.0.0
15:53:23.979 INFO  BaseRecalibrator - For support and documentation go to https://software.broadinstitute.org/gatk/
15:53:23.980 INFO  BaseRecalibrator - Executing as ?@b290c80ec4bd on Linux v5.15.0-143-generic amd64
15:53:23.980 INFO  BaseRecalibrator - Java runtime: OpenJDK 64-Bit Server VM v17.0.10-internal+0-adhoc..src
15:53:23.980 INFO  BaseRecalibrator - Start Date/Time: July 23, 2025 at 3:53:23 PM GMT
15:53:23.980 INFO  BaseRecalibrator - ------------------------------------------------------------
15:53:23.980 INFO  BaseRecalibrator - ------------------------------------------------------------
15:53:23.981 INFO  BaseRecalibrator - HTSJDK Version: 4.1.0
15:53:23.981 INFO  BaseRecalibrator - Picard Version: 3.1.1
15:53:23.981 INFO  BaseRecalibrator - Built for Spark Version: 3.5.0
15:53:23.981 INFO  BaseRecalibrator - HTSJDK Defaults.COMPRESSION_LEVEL : 2
15:53:23.981 INFO  BaseRecalibrator - HTSJDK Defaults.USE_ASYNC_IO_READ_FOR_SAMTOOLS : false
15:53:23.981 INFO  BaseRecalibrator - HTSJDK Defaults.USE_ASYNC_IO_WRITE_FOR_SAMTOOLS : true
15:53:23.981 INFO  BaseRecalibrator - HTSJDK Defaults.USE_ASYNC_IO_WRITE_FOR_TRIBBLE : false
15:53:23.981 INFO  BaseRecalibrator - Deflater: IntelDeflater
15:53:23.981 INFO  BaseRecalibrator - Inflater: IntelInflater
15:53:23.982 INFO  BaseRecalibrator - GCS max retries/reopens: 20
15:53:23.982 INFO  BaseRecalibrator - Requester pays: disabled
15:53:23.982 INFO  BaseRecalibrator - Initializing engine
15:53:24.113 INFO  FeatureManager - Using codec VCFCodec to read file file:///storage/nf-core/exec/nextflow_workflow_tracer/work/e6/7a946ce733801da67b8070e4dbd2e8/dbsnp_146.hg38.vcf.gz
15:53:24.129 INFO  FeatureManager - Using codec VCFCodec to read file file:///storage/nf-core/exec/nextflow_workflow_tracer/work/e6/7a946ce733801da67b8070e4dbd2e8/mills_and_1000G.indels.vcf.gz
15:53:24.139 INFO  FeatureManager - Using codec BEDCodec to read file file:///storage/nf-core/exec/nextflow_workflow_tracer/work/e6/7a946ce733801da67b8070e4dbd2e8/chr22_1-40001.bed
15:53:24.142 INFO  IntervalArgumentCollection - Processing 40001 bp from intervals
15:53:24.145 INFO  BaseRecalibrator - Done initializing engine
15:53:24.149 INFO  BaseRecalibrationEngine - The covariates being used here: 
15:53:24.149 INFO  BaseRecalibrationEngine - 	ReadGroupCovariate
15:53:24.149 INFO  BaseRecalibrationEngine - 	QualityScoreCovariate
15:53:24.149 INFO  BaseRecalibrationEngine - 	ContextCovariate
15:53:24.149 INFO  BaseRecalibrationEngine - 	CycleCovariate
15:53:24.150 INFO  ProgressMeter - Starting traversal
15:53:24.151 INFO  ProgressMeter -        Current Locus  Elapsed Minutes       Reads Processed     Reads/Minute
15:53:24.825 INFO  BaseRecalibrator - 21766 read(s) filtered by: MappingQualityNotZeroReadFilter 
0 read(s) filtered by: MappingQualityAvailableReadFilter 
0 read(s) filtered by: MappedReadFilter 
0 read(s) filtered by: NotSecondaryAlignmentReadFilter 
9787 read(s) filtered by: NotDuplicateReadFilter 
0 read(s) filtered by: PassesVendorQualityCheckReadFilter 
0 read(s) filtered by: WellformedReadFilter 
31553 total reads filtered out of 37424 reads processed
15:53:24.826 INFO  ProgressMeter -          chr22:28571              0.0                  5871         522640.9
15:53:24.826 INFO  ProgressMeter - Traversal complete. Processed 5871 total reads in 0.0 minutes.
15:53:24.853 INFO  BaseRecalibrator - Calculating quantized quality scores...
15:53:24.859 INFO  BaseRecalibrator - Writing recalibration report...
15:53:25.624 INFO  BaseRecalibrator - ...done!
15:53:25.625 INFO  BaseRecalibrator - BaseRecalibrator was able to recalibrate 5871 reads
15:53:25.625 INFO  BaseRecalibrator - Shutting down engine
[July 23, 2025 at 3:53:25 PM GMT] org.broadinstitute.hellbender.tools.walkers.bqsr.BaseRecalibrator done. Elapsed time: 0.03 minutes.
Runtime.totalMemory()=339738624
