/usr/local/bin/picard: line 5: warning: setlocale: LC_ALL: cannot change locale (en_US.UTF-8): No such file or directory
INFO	2025-07-24 14:30:53	RExecutor	Executing R script via command: Rscript /tmp/script12998184437283932647.R
ERROR	2025-07-24 14:30:53	ProcessExecutor	/bin/sh: warning: setlocale: LC_ALL: cannot change locale (en_US.UTF-8)
ERROR	2025-07-24 14:30:53	ProcessExecutor	sh: warning: setlocale: LC_ALL: cannot change locale (en_US.UTF-8)
ERROR	2025-07-24 14:30:53	ProcessExecutor	sh: warning: setlocale: LC_ALL: cannot change locale (en_US.UTF-8)
ERROR	2025-07-24 14:30:53	ProcessExecutor	During startup - Warning messages:
ERROR	2025-07-24 14:30:53	ProcessExecutor	1: Setting LC_CTYPE failed, using "C" 
ERROR	2025-07-24 14:30:53	ProcessExecutor	2: Setting LC_COLLATE failed, using "C" 
ERROR	2025-07-24 14:30:53	ProcessExecutor	3: Setting LC_TIME failed, using "C" 
ERROR	2025-07-24 14:30:53	ProcessExecutor	4: Setting LC_MESSAGES failed, using "C" 
ERROR	2025-07-24 14:30:53	ProcessExecutor	5: Setting LC_MONETARY failed, using "C" 
ERROR	2025-07-24 14:30:53	ProcessExecutor	6: Setting LC_PAPER failed, using "C" 
ERROR	2025-07-24 14:30:53	ProcessExecutor	7: Setting LC_MEASUREMENT failed, using "C" 
INFO	2025-07-24 14:30:53	ProcessExecutor	[1] "Checking if R is installed"
ERROR	2025-07-24 14:30:53	ProcessExecutor	sh: warning: setlocale: LC_ALL: cannot change locale (en_US.UTF-8)
14:30:53.902 INFO  NativeLibraryLoader - Loading libgkl_compression.so from jar:file:/usr/local/share/picard-3.0.0-1/picard.jar!/com/intel/gkl/native/libgkl_compression.so
[Thu Jul 24 14:30:53 GMT 2025] CollectMultipleMetrics --INPUT OSMOTIC_STRESS_T100_SE_REP2.mLb.clN.sorted.bam --OUTPUT OSMOTIC_STRESS_T100_SE_REP2.mLb.clN.CollectMultipleMetrics --TMP_DIR tmp --VALIDATION_STRINGENCY LENIENT --REFERENCE_SEQUENCE genome.fa --ASSUME_SORTED true --STOP_AFTER 0 --METRIC_ACCUMULATION_LEVEL ALL_READS --PROGRAM CollectAlignmentSummaryMetrics --PROGRAM CollectBaseDistributionByCycle --PROGRAM CollectInsertSizeMetrics --PROGRAM MeanQualityByCycle --PROGRAM QualityScoreDistribution --INCLUDE_UNPAIRED false --VERBOSITY INFO --QUIET false --COMPRESSION_LEVEL 5 --MAX_RECORDS_IN_RAM 500000 --CREATE_INDEX false --CREATE_MD5_FILE false --help false --version false --showHidden false --USE_JDK_DEFLATER false --USE_JDK_INFLATER false
[Thu Jul 24 14:30:53 GMT 2025] Executing as root@8df61ccb5b68 on Linux 5.15.0-143-generic amd64; OpenJDK 64-Bit Server VM 17.0.3-internal+0-adhoc..src; Deflater: Intel; Inflater: Intel; Provider GCS is not available; Picard version: Version:3.0.0
INFO	2025-07-24 14:30:54	RExecutor	Executing R script via command: Rscript /tmp/script8470267867672337768.R /storage/nf-core/exec/nextflow_workflow_tracer/work/e0/7b89f1ec85ad44cd6887c752af1f9a/OSMOTIC_STRESS_T100_SE_REP2.mLb.clN.CollectMultipleMetrics.alignment_summary_metrics /storage/nf-core/exec/nextflow_workflow_tracer/work/e0/7b89f1ec85ad44cd6887c752af1f9a/OSMOTIC_STRESS_T100_SE_REP2.mLb.clN.CollectMultipleMetrics.read_length_histogram.pdf OSMOTIC_STRESS_T100_SE_REP2.mLb.clN.sorted.bam
ERROR	2025-07-24 14:30:54	ProcessExecutor	/bin/sh: warning: setlocale: LC_ALL: cannot change locale (en_US.UTF-8)
ERROR	2025-07-24 14:30:54	ProcessExecutor	sh: warning: setlocale: LC_ALL: cannot change locale (en_US.UTF-8)
ERROR	2025-07-24 14:30:54	ProcessExecutor	sh: warning: setlocale: LC_ALL: cannot change locale (en_US.UTF-8)
ERROR	2025-07-24 14:30:54	ProcessExecutor	During startup - Warning messages:
ERROR	2025-07-24 14:30:54	ProcessExecutor	1: Setting LC_CTYPE failed, using "C" 
ERROR	2025-07-24 14:30:54	ProcessExecutor	2: Setting LC_COLLATE failed, using "C" 
ERROR	2025-07-24 14:30:54	ProcessExecutor	3: Setting LC_TIME failed, using "C" 
ERROR	2025-07-24 14:30:54	ProcessExecutor	4: Setting LC_MESSAGES failed, using "C" 
ERROR	2025-07-24 14:30:54	ProcessExecutor	5: Setting LC_MONETARY failed, using "C" 
ERROR	2025-07-24 14:30:54	ProcessExecutor	6: Setting LC_PAPER failed, using "C" 
ERROR	2025-07-24 14:30:54	ProcessExecutor	7: Setting LC_MEASUREMENT failed, using "C" 
INFO	2025-07-24 14:30:54	ProcessExecutor	null device 
INFO	2025-07-24 14:30:54	ProcessExecutor	          1 
ERROR	2025-07-24 14:30:54	ProcessExecutor	sh: warning: setlocale: LC_ALL: cannot change locale (en_US.UTF-8)
INFO	2025-07-24 14:30:54	RExecutor	Executing R script via command: Rscript /tmp/script2801609532911159581.R /storage/nf-core/exec/nextflow_workflow_tracer/work/e0/7b89f1ec85ad44cd6887c752af1f9a/OSMOTIC_STRESS_T100_SE_REP2.mLb.clN.CollectMultipleMetrics.base_distribution_by_cycle_metrics /storage/nf-core/exec/nextflow_workflow_tracer/work/e0/7b89f1ec85ad44cd6887c752af1f9a/OSMOTIC_STRESS_T100_SE_REP2.mLb.clN.CollectMultipleMetrics.base_distribution_by_cycle.pdf OSMOTIC_STRESS_T100_SE_REP2.mLb.clN.sorted.bam OSMOTIC_STRESS_T100_SE_REP2_T1
ERROR	2025-07-24 14:30:54	ProcessExecutor	/bin/sh: warning: setlocale: LC_ALL: cannot change locale (en_US.UTF-8)
ERROR	2025-07-24 14:30:54	ProcessExecutor	sh: warning: setlocale: LC_ALL: cannot change locale (en_US.UTF-8)
ERROR	2025-07-24 14:30:54	ProcessExecutor	sh: warning: setlocale: LC_ALL: cannot change locale (en_US.UTF-8)
ERROR	2025-07-24 14:30:54	ProcessExecutor	During startup - Warning messages:
ERROR	2025-07-24 14:30:54	ProcessExecutor	1: Setting LC_CTYPE failed, using "C" 
ERROR	2025-07-24 14:30:54	ProcessExecutor	2: Setting LC_COLLATE failed, using "C" 
ERROR	2025-07-24 14:30:54	ProcessExecutor	3: Setting LC_TIME failed, using "C" 
ERROR	2025-07-24 14:30:54	ProcessExecutor	4: Setting LC_MESSAGES failed, using "C" 
ERROR	2025-07-24 14:30:54	ProcessExecutor	5: Setting LC_MONETARY failed, using "C" 
ERROR	2025-07-24 14:30:54	ProcessExecutor	6: Setting LC_PAPER failed, using "C" 
ERROR	2025-07-24 14:30:54	ProcessExecutor	7: Setting LC_MEASUREMENT failed, using "C" 
INFO	2025-07-24 14:30:54	ProcessExecutor	null device 
INFO	2025-07-24 14:30:54	ProcessExecutor	          1 
ERROR	2025-07-24 14:30:54	ProcessExecutor	sh: warning: setlocale: LC_ALL: cannot change locale (en_US.UTF-8)
WARNING	2025-07-24 14:30:54	CollectInsertSizeMetrics	All data categories were discarded because they contained < 0.05 of the total aligned paired data.
WARNING	2025-07-24 14:30:54	CollectInsertSizeMetrics	Total mapped pairs in all categories: 0.0
INFO	2025-07-24 14:30:54	RExecutor	Executing R script via command: Rscript /tmp/script16852672429002436588.R /storage/nf-core/exec/nextflow_workflow_tracer/work/e0/7b89f1ec85ad44cd6887c752af1f9a/OSMOTIC_STRESS_T100_SE_REP2.mLb.clN.CollectMultipleMetrics.quality_by_cycle_metrics /storage/nf-core/exec/nextflow_workflow_tracer/work/e0/7b89f1ec85ad44cd6887c752af1f9a/OSMOTIC_STRESS_T100_SE_REP2.mLb.clN.CollectMultipleMetrics.quality_by_cycle.pdf OSMOTIC_STRESS_T100_SE_REP2.mLb.clN.sorted.bam OSMOTIC_STRESS_T100_SE_REP2_T1
ERROR	2025-07-24 14:30:54	ProcessExecutor	/bin/sh: warning: setlocale: LC_ALL: cannot change locale (en_US.UTF-8)
ERROR	2025-07-24 14:30:55	ProcessExecutor	sh: warning: setlocale: LC_ALL: cannot change locale (en_US.UTF-8)
ERROR	2025-07-24 14:30:55	ProcessExecutor	sh: warning: setlocale: LC_ALL: cannot change locale (en_US.UTF-8)
ERROR	2025-07-24 14:30:55	ProcessExecutor	During startup - Warning messages:
ERROR	2025-07-24 14:30:55	ProcessExecutor	1: Setting LC_CTYPE failed, using "C" 
ERROR	2025-07-24 14:30:55	ProcessExecutor	2: Setting LC_COLLATE failed, using "C" 
ERROR	2025-07-24 14:30:55	ProcessExecutor	3: Setting LC_TIME failed, using "C" 
ERROR	2025-07-24 14:30:55	ProcessExecutor	4: Setting LC_MESSAGES failed, using "C" 
ERROR	2025-07-24 14:30:55	ProcessExecutor	5: Setting LC_MONETARY failed, using "C" 
ERROR	2025-07-24 14:30:55	ProcessExecutor	6: Setting LC_PAPER failed, using "C" 
ERROR	2025-07-24 14:30:55	ProcessExecutor	7: Setting LC_MEASUREMENT failed, using "C" 
INFO	2025-07-24 14:30:55	ProcessExecutor	null device 
INFO	2025-07-24 14:30:55	ProcessExecutor	          1 
ERROR	2025-07-24 14:30:55	ProcessExecutor	sh: warning: setlocale: LC_ALL: cannot change locale (en_US.UTF-8)
INFO	2025-07-24 14:30:55	RExecutor	Executing R script via command: Rscript /tmp/script2311937707933727433.R /storage/nf-core/exec/nextflow_workflow_tracer/work/e0/7b89f1ec85ad44cd6887c752af1f9a/OSMOTIC_STRESS_T100_SE_REP2.mLb.clN.CollectMultipleMetrics.quality_distribution_metrics /storage/nf-core/exec/nextflow_workflow_tracer/work/e0/7b89f1ec85ad44cd6887c752af1f9a/OSMOTIC_STRESS_T100_SE_REP2.mLb.clN.CollectMultipleMetrics.quality_distribution.pdf OSMOTIC_STRESS_T100_SE_REP2.mLb.clN.sorted.bam OSMOTIC_STRESS_T100_SE_REP2_T1
ERROR	2025-07-24 14:30:55	ProcessExecutor	/bin/sh: warning: setlocale: LC_ALL: cannot change locale (en_US.UTF-8)
ERROR	2025-07-24 14:30:55	ProcessExecutor	sh: warning: setlocale: LC_ALL: cannot change locale (en_US.UTF-8)
ERROR	2025-07-24 14:30:55	ProcessExecutor	sh: warning: setlocale: LC_ALL: cannot change locale (en_US.UTF-8)
ERROR	2025-07-24 14:30:55	ProcessExecutor	During startup - Warning messages:
ERROR	2025-07-24 14:30:55	ProcessExecutor	1: Setting LC_CTYPE failed, using "C" 
ERROR	2025-07-24 14:30:55	ProcessExecutor	2: Setting LC_COLLATE failed, using "C" 
ERROR	2025-07-24 14:30:55	ProcessExecutor	3: Setting LC_TIME failed, using "C" 
ERROR	2025-07-24 14:30:55	ProcessExecutor	4: Setting LC_MESSAGES failed, using "C" 
ERROR	2025-07-24 14:30:55	ProcessExecutor	5: Setting LC_MONETARY failed, using "C" 
ERROR	2025-07-24 14:30:55	ProcessExecutor	6: Setting LC_PAPER failed, using "C" 
ERROR	2025-07-24 14:30:55	ProcessExecutor	7: Setting LC_MEASUREMENT failed, using "C" 
INFO	2025-07-24 14:30:55	ProcessExecutor	null device 
INFO	2025-07-24 14:30:55	ProcessExecutor	          1 
ERROR	2025-07-24 14:30:55	ProcessExecutor	sh: warning: setlocale: LC_ALL: cannot change locale (en_US.UTF-8)
[Thu Jul 24 14:30:55 GMT 2025] picard.analysis.CollectMultipleMetrics done. Elapsed time: 0.03 minutes.
Runtime.totalMemory()=97320960
