/usr/local/bin/picard: line 5: warning: setlocale: LC_ALL: cannot change locale (en_US.UTF-8): No such file or directory
16:26:51.070 INFO  NativeLibraryLoader - Loading libgkl_compression.so from jar:file:/usr/local/share/picard-3.0.0-1/picard.jar!/com/intel/gkl/native/libgkl_compression.so
[Wed Jul 23 16:26:51 GMT 2025] MarkDuplicates --INPUT OSMOTIC_STRESS_T0_PE_REP1.mLb.sorted.bam --OUTPUT OSMOTIC_STRESS_T0_PE_REP1.mLb.mkD.sorted.bam --METRICS_FILE OSMOTIC_STRESS_T0_PE_REP1.mLb.mkD.sorted.MarkDuplicates.metrics.txt --REMOVE_DUPLICATES false --ASSUME_SORTED true --TMP_DIR tmp --VALIDATION_STRINGENCY LENIENT --REFERENCE_SEQUENCE genome.fa --MAX_SEQUENCES_FOR_DISK_READ_ENDS_MAP 50000 --MAX_FILE_HANDLES_FOR_READ_ENDS_MAP 8000 --SORTING_COLLECTION_SIZE_RATIO 0.25 --TAG_DUPLICATE_SET_MEMBERS false --REMOVE_SEQUENCING_DUPLICATES false --TAGGING_POLICY DontTag --CLEAR_DT true --DUPLEX_UMI false --FLOW_MODE false --FLOW_QUALITY_SUM_STRATEGY false --USE_END_IN_UNPAIRED_READS false --USE_UNPAIRED_CLIPPED_END false --UNPAIRED_END_UNCERTAINTY 0 --FLOW_SKIP_FIRST_N_FLOWS 0 --FLOW_Q_IS_KNOWN_END false --FLOW_EFFECTIVE_QUALITY_THRESHOLD 15 --ADD_PG_TAG_TO_READS true --DUPLICATE_SCORING_STRATEGY SUM_OF_BASE_QUALITIES --PROGRAM_RECORD_ID MarkDuplicates --PROGRAM_GROUP_NAME MarkDuplicates --READ_NAME_REGEX <optimized capture of last three ':' separated fields as numeric values> --OPTICAL_DUPLICATE_PIXEL_DISTANCE 100 --MAX_OPTICAL_DUPLICATE_SET_SIZE 300000 --VERBOSITY INFO --QUIET false --COMPRESSION_LEVEL 5 --MAX_RECORDS_IN_RAM 500000 --CREATE_INDEX false --CREATE_MD5_FILE false --help false --version false --showHidden false --USE_JDK_DEFLATER false --USE_JDK_INFLATER false
[Wed Jul 23 16:26:51 GMT 2025] Executing as root@355b9d27679f on Linux 5.15.0-143-generic amd64; OpenJDK 64-Bit Server VM 17.0.3-internal+0-adhoc..src; Deflater: Intel; Inflater: Intel; Provider GCS is not available; Picard version: Version:3.0.0
INFO	2025-07-23 16:26:51	MarkDuplicates	Start of doWork freeMemory: 48643248; totalMemory: 58720256; maxMemory: 5154799616
INFO	2025-07-23 16:26:51	MarkDuplicates	Reading input file and constructing read end information.
INFO	2025-07-23 16:26:51	MarkDuplicates	Will retain up to 18676810 data points before spilling to disk.
WARNING	2025-07-23 16:26:51	AbstractOpticalDuplicateFinderCommandLineProgram	A field field parsed out of a read name was expected to contain an integer and did not. Read name: SRR1822153.3604974. Cause: String 'SRR1822153.3604974' did not start with a parsable number.
INFO	2025-07-23 16:26:52	MarkDuplicates	Read 190826 records. 0 pairs never matched.
INFO	2025-07-23 16:26:52	MarkDuplicates	After buildSortedReadEndLists freeMemory: 445532304; totalMemory: 629145600; maxMemory: 5154799616
INFO	2025-07-23 16:26:52	MarkDuplicates	Will retain up to 161087488 duplicate indices before spilling to disk.
INFO	2025-07-23 16:26:53	MarkDuplicates	Traversing read pair information and detecting duplicates.
INFO	2025-07-23 16:26:53	MarkDuplicates	Traversing fragment information and detecting duplicates.
INFO	2025-07-23 16:26:53	MarkDuplicates	Sorting list of duplicate records.
INFO	2025-07-23 16:26:53	MarkDuplicates	After generateDuplicateIndexes freeMemory: 877093152; totalMemory: 2181038080; maxMemory: 5154799616
INFO	2025-07-23 16:26:53	MarkDuplicates	Marking 9143 records as duplicates.
INFO	2025-07-23 16:26:53	MarkDuplicates	Found 0 optical duplicate clusters.
INFO	2025-07-23 16:26:53	MarkDuplicates	Reads are assumed to be ordered by: coordinate
INFO	2025-07-23 16:26:55	MarkDuplicates	Writing complete. Closing input iterator.
INFO	2025-07-23 16:26:55	MarkDuplicates	Duplicate Index cleanup.
INFO	2025-07-23 16:26:55	MarkDuplicates	Getting Memory Stats.
INFO	2025-07-23 16:26:55	MarkDuplicates	Before output close freeMemory: 47846296; totalMemory: 58720256; maxMemory: 5154799616
INFO	2025-07-23 16:26:55	MarkDuplicates	Closed outputs. Getting more Memory Stats.
INFO	2025-07-23 16:26:55	MarkDuplicates	After output close freeMemory: 48119904; totalMemory: 58720256; maxMemory: 5154799616
[Wed Jul 23 16:26:55 GMT 2025] picard.sam.markduplicates.MarkDuplicates done. Elapsed time: 0.07 minutes.
Runtime.totalMemory()=58720256
