Using GATK jar /usr/local/share/gatk4-4.5.0.0-0/gatk-package-4.5.0.0-local.jar
Running:
    java -Dsamjdk.use_async_io_read_samtools=false -Dsamjdk.use_async_io_write_samtools=true -Dsamjdk.use_async_io_write_tribble=false -Dsamjdk.compression_level=2 -Xmx3276M -XX:-UsePerfData -jar /usr/local/share/gatk4-4.5.0.0-0/gatk-package-4.5.0.0-local.jar BaseRecalibrator --input test.md.cram --output test.recal.table --reference genome.fasta --intervals chr22_1-40001.bed --known-sites dbsnp_146.hg38.vcf.gz --known-sites mills_and_1000G.indels.vcf.gz --tmp-dir .
13:20:24.696 INFO  NativeLibraryLoader - Loading libgkl_compression.so from jar:file:/usr/local/share/gatk4-4.5.0.0-0/gatk-package-4.5.0.0-local.jar!/com/intel/gkl/native/libgkl_compression.so
13:20:24.787 INFO  BaseRecalibrator - ------------------------------------------------------------
13:20:24.789 INFO  BaseRecalibrator - The Genome Analysis Toolkit (GATK) v4.5.0.0
13:20:24.789 INFO  BaseRecalibrator - For support and documentation go to https://software.broadinstitute.org/gatk/
13:20:24.789 INFO  BaseRecalibrator - Executing as ?@21f283a5e1ab on Linux v5.15.0-143-generic amd64
13:20:24.789 INFO  BaseRecalibrator - Java runtime: OpenJDK 64-Bit Server VM v17.0.10-internal+0-adhoc..src
13:20:24.789 INFO  BaseRecalibrator - Start Date/Time: July 20, 2025 at 1:20:24 PM GMT
13:20:24.790 INFO  BaseRecalibrator - ------------------------------------------------------------
13:20:24.790 INFO  BaseRecalibrator - ------------------------------------------------------------
13:20:24.790 INFO  BaseRecalibrator - HTSJDK Version: 4.1.0
13:20:24.790 INFO  BaseRecalibrator - Picard Version: 3.1.1
13:20:24.790 INFO  BaseRecalibrator - Built for Spark Version: 3.5.0
13:20:24.790 INFO  BaseRecalibrator - HTSJDK Defaults.COMPRESSION_LEVEL : 2
13:20:24.791 INFO  BaseRecalibrator - HTSJDK Defaults.USE_ASYNC_IO_READ_FOR_SAMTOOLS : false
13:20:24.791 INFO  BaseRecalibrator - HTSJDK Defaults.USE_ASYNC_IO_WRITE_FOR_SAMTOOLS : true
13:20:24.791 INFO  BaseRecalibrator - HTSJDK Defaults.USE_ASYNC_IO_WRITE_FOR_TRIBBLE : false
13:20:24.791 INFO  BaseRecalibrator - Deflater: IntelDeflater
13:20:24.791 INFO  BaseRecalibrator - Inflater: IntelInflater
13:20:24.791 INFO  BaseRecalibrator - GCS max retries/reopens: 20
13:20:24.791 INFO  BaseRecalibrator - Requester pays: disabled
13:20:24.791 INFO  BaseRecalibrator - Initializing engine
13:20:24.919 INFO  FeatureManager - Using codec VCFCodec to read file file:///storage/nf-core/exec/nextflow_workflow_tracer/work/86/cad1b66d0b3b89f0c01a383870a741/dbsnp_146.hg38.vcf.gz
13:20:24.933 INFO  FeatureManager - Using codec VCFCodec to read file file:///storage/nf-core/exec/nextflow_workflow_tracer/work/86/cad1b66d0b3b89f0c01a383870a741/mills_and_1000G.indels.vcf.gz
13:20:24.943 INFO  FeatureManager - Using codec BEDCodec to read file file:///storage/nf-core/exec/nextflow_workflow_tracer/work/86/cad1b66d0b3b89f0c01a383870a741/chr22_1-40001.bed
13:20:24.945 INFO  IntervalArgumentCollection - Processing 40001 bp from intervals
13:20:24.948 INFO  BaseRecalibrator - Done initializing engine
13:20:24.951 INFO  BaseRecalibrationEngine - The covariates being used here: 
13:20:24.951 INFO  BaseRecalibrationEngine - 	ReadGroupCovariate
13:20:24.952 INFO  BaseRecalibrationEngine - 	QualityScoreCovariate
13:20:24.952 INFO  BaseRecalibrationEngine - 	ContextCovariate
13:20:24.952 INFO  BaseRecalibrationEngine - 	CycleCovariate
13:20:24.953 INFO  ProgressMeter - Starting traversal
13:20:24.953 INFO  ProgressMeter -        Current Locus  Elapsed Minutes       Reads Processed     Reads/Minute
13:20:25.573 INFO  BaseRecalibrator - 21766 read(s) filtered by: MappingQualityNotZeroReadFilter 
0 read(s) filtered by: MappingQualityAvailableReadFilter 
0 read(s) filtered by: MappedReadFilter 
0 read(s) filtered by: NotSecondaryAlignmentReadFilter 
9787 read(s) filtered by: NotDuplicateReadFilter 
0 read(s) filtered by: PassesVendorQualityCheckReadFilter 
0 read(s) filtered by: WellformedReadFilter 
31553 total reads filtered out of 37424 reads processed
13:20:25.573 INFO  ProgressMeter -          chr22:28571              0.0                  5871         568161.3
13:20:25.573 INFO  ProgressMeter - Traversal complete. Processed 5871 total reads in 0.0 minutes.
13:20:25.601 INFO  BaseRecalibrator - Calculating quantized quality scores...
13:20:25.607 INFO  BaseRecalibrator - Writing recalibration report...
13:20:26.522 INFO  BaseRecalibrator - ...done!
13:20:26.523 INFO  BaseRecalibrator - BaseRecalibrator was able to recalibrate 5871 reads
13:20:26.523 INFO  BaseRecalibrator - Shutting down engine
[July 20, 2025 at 1:20:26 PM GMT] org.broadinstitute.hellbender.tools.walkers.bqsr.BaseRecalibrator done. Elapsed time: 0.03 minutes.
Runtime.totalMemory()=339738624
