/usr/local/bin/picard: line 5: warning: setlocale: LC_ALL: cannot change locale (en_US.UTF-8): No such file or directory
INFO	2025-07-24 13:25:28	RExecutor	Executing R script via command: Rscript /tmp/script312804188657114886.R
ERROR	2025-07-24 13:25:28	ProcessExecutor	/bin/sh: warning: setlocale: LC_ALL: cannot change locale (en_US.UTF-8)
ERROR	2025-07-24 13:25:28	ProcessExecutor	sh: warning: setlocale: LC_ALL: cannot change locale (en_US.UTF-8)
ERROR	2025-07-24 13:25:28	ProcessExecutor	sh: warning: setlocale: LC_ALL: cannot change locale (en_US.UTF-8)
ERROR	2025-07-24 13:25:28	ProcessExecutor	During startup - Warning messages:
ERROR	2025-07-24 13:25:28	ProcessExecutor	1: Setting LC_CTYPE failed, using "C" 
ERROR	2025-07-24 13:25:28	ProcessExecutor	2: Setting LC_COLLATE failed, using "C" 
ERROR	2025-07-24 13:25:28	ProcessExecutor	3: Setting LC_TIME failed, using "C" 
ERROR	2025-07-24 13:25:28	ProcessExecutor	4: Setting LC_MESSAGES failed, using "C" 
ERROR	2025-07-24 13:25:28	ProcessExecutor	5: Setting LC_MONETARY failed, using "C" 
ERROR	2025-07-24 13:25:28	ProcessExecutor	6: Setting LC_PAPER failed, using "C" 
ERROR	2025-07-24 13:25:28	ProcessExecutor	7: Setting LC_MEASUREMENT failed, using "C" 
INFO	2025-07-24 13:25:28	ProcessExecutor	[1] "Checking if R is installed"
ERROR	2025-07-24 13:25:28	ProcessExecutor	sh: warning: setlocale: LC_ALL: cannot change locale (en_US.UTF-8)
13:25:28.502 INFO  NativeLibraryLoader - Loading libgkl_compression.so from jar:file:/usr/local/share/picard-3.0.0-1/picard.jar!/com/intel/gkl/native/libgkl_compression.so
[Thu Jul 24 13:25:28 GMT 2025] CollectMultipleMetrics --INPUT OSMOTIC_STRESS_T150_SE_REP1.mLb.clN.sorted.bam --OUTPUT OSMOTIC_STRESS_T150_SE_REP1.mLb.clN.CollectMultipleMetrics --TMP_DIR tmp --VALIDATION_STRINGENCY LENIENT --REFERENCE_SEQUENCE genome.fa --ASSUME_SORTED true --STOP_AFTER 0 --METRIC_ACCUMULATION_LEVEL ALL_READS --PROGRAM CollectAlignmentSummaryMetrics --PROGRAM CollectBaseDistributionByCycle --PROGRAM CollectInsertSizeMetrics --PROGRAM MeanQualityByCycle --PROGRAM QualityScoreDistribution --INCLUDE_UNPAIRED false --VERBOSITY INFO --QUIET false --COMPRESSION_LEVEL 5 --MAX_RECORDS_IN_RAM 500000 --CREATE_INDEX false --CREATE_MD5_FILE false --help false --version false --showHidden false --USE_JDK_DEFLATER false --USE_JDK_INFLATER false
[Thu Jul 24 13:25:28 GMT 2025] Executing as root@dffce82addb6 on Linux 5.15.0-143-generic amd64; OpenJDK 64-Bit Server VM 17.0.3-internal+0-adhoc..src; Deflater: Intel; Inflater: Intel; Provider GCS is not available; Picard version: Version:3.0.0
INFO	2025-07-24 13:25:29	RExecutor	Executing R script via command: Rscript /tmp/script15314593699079613053.R /storage/nf-core/exec/nextflow_workflow_tracer/work/13/9a4823d666388de52045a6613ed998/OSMOTIC_STRESS_T150_SE_REP1.mLb.clN.CollectMultipleMetrics.alignment_summary_metrics /storage/nf-core/exec/nextflow_workflow_tracer/work/13/9a4823d666388de52045a6613ed998/OSMOTIC_STRESS_T150_SE_REP1.mLb.clN.CollectMultipleMetrics.read_length_histogram.pdf OSMOTIC_STRESS_T150_SE_REP1.mLb.clN.sorted.bam
ERROR	2025-07-24 13:25:29	ProcessExecutor	/bin/sh: warning: setlocale: LC_ALL: cannot change locale (en_US.UTF-8)
ERROR	2025-07-24 13:25:29	ProcessExecutor	sh: warning: setlocale: LC_ALL: cannot change locale (en_US.UTF-8)
ERROR	2025-07-24 13:25:29	ProcessExecutor	sh: warning: setlocale: LC_ALL: cannot change locale (en_US.UTF-8)
ERROR	2025-07-24 13:25:29	ProcessExecutor	During startup - Warning messages:
ERROR	2025-07-24 13:25:29	ProcessExecutor	1: Setting LC_CTYPE failed, using "C" 
ERROR	2025-07-24 13:25:29	ProcessExecutor	2: Setting LC_COLLATE failed, using "C" 
ERROR	2025-07-24 13:25:29	ProcessExecutor	3: Setting LC_TIME failed, using "C" 
ERROR	2025-07-24 13:25:29	ProcessExecutor	4: Setting LC_MESSAGES failed, using "C" 
ERROR	2025-07-24 13:25:29	ProcessExecutor	5: Setting LC_MONETARY failed, using "C" 
ERROR	2025-07-24 13:25:29	ProcessExecutor	6: Setting LC_PAPER failed, using "C" 
ERROR	2025-07-24 13:25:29	ProcessExecutor	7: Setting LC_MEASUREMENT failed, using "C" 
INFO	2025-07-24 13:25:29	ProcessExecutor	null device 
INFO	2025-07-24 13:25:29	ProcessExecutor	          1 
ERROR	2025-07-24 13:25:29	ProcessExecutor	sh: warning: setlocale: LC_ALL: cannot change locale (en_US.UTF-8)
INFO	2025-07-24 13:25:29	RExecutor	Executing R script via command: Rscript /tmp/script5717218642378703682.R /storage/nf-core/exec/nextflow_workflow_tracer/work/13/9a4823d666388de52045a6613ed998/OSMOTIC_STRESS_T150_SE_REP1.mLb.clN.CollectMultipleMetrics.base_distribution_by_cycle_metrics /storage/nf-core/exec/nextflow_workflow_tracer/work/13/9a4823d666388de52045a6613ed998/OSMOTIC_STRESS_T150_SE_REP1.mLb.clN.CollectMultipleMetrics.base_distribution_by_cycle.pdf OSMOTIC_STRESS_T150_SE_REP1.mLb.clN.sorted.bam 
ERROR	2025-07-24 13:25:29	ProcessExecutor	/bin/sh: warning: setlocale: LC_ALL: cannot change locale (en_US.UTF-8)
ERROR	2025-07-24 13:25:29	ProcessExecutor	sh: warning: setlocale: LC_ALL: cannot change locale (en_US.UTF-8)
ERROR	2025-07-24 13:25:29	ProcessExecutor	sh: warning: setlocale: LC_ALL: cannot change locale (en_US.UTF-8)
ERROR	2025-07-24 13:25:29	ProcessExecutor	During startup - Warning messages:
ERROR	2025-07-24 13:25:29	ProcessExecutor	1: Setting LC_CTYPE failed, using "C" 
ERROR	2025-07-24 13:25:29	ProcessExecutor	2: Setting LC_COLLATE failed, using "C" 
ERROR	2025-07-24 13:25:29	ProcessExecutor	3: Setting LC_TIME failed, using "C" 
ERROR	2025-07-24 13:25:29	ProcessExecutor	4: Setting LC_MESSAGES failed, using "C" 
ERROR	2025-07-24 13:25:29	ProcessExecutor	5: Setting LC_MONETARY failed, using "C" 
ERROR	2025-07-24 13:25:29	ProcessExecutor	6: Setting LC_PAPER failed, using "C" 
ERROR	2025-07-24 13:25:29	ProcessExecutor	7: Setting LC_MEASUREMENT failed, using "C" 
INFO	2025-07-24 13:25:30	ProcessExecutor	null device 
INFO	2025-07-24 13:25:30	ProcessExecutor	          1 
ERROR	2025-07-24 13:25:30	ProcessExecutor	sh: warning: setlocale: LC_ALL: cannot change locale (en_US.UTF-8)
WARNING	2025-07-24 13:25:30	CollectInsertSizeMetrics	All data categories were discarded because they contained < 0.05 of the total aligned paired data.
WARNING	2025-07-24 13:25:30	CollectInsertSizeMetrics	Total mapped pairs in all categories: 0.0
INFO	2025-07-24 13:25:30	RExecutor	Executing R script via command: Rscript /tmp/script2877096597485660292.R /storage/nf-core/exec/nextflow_workflow_tracer/work/13/9a4823d666388de52045a6613ed998/OSMOTIC_STRESS_T150_SE_REP1.mLb.clN.CollectMultipleMetrics.quality_by_cycle_metrics /storage/nf-core/exec/nextflow_workflow_tracer/work/13/9a4823d666388de52045a6613ed998/OSMOTIC_STRESS_T150_SE_REP1.mLb.clN.CollectMultipleMetrics.quality_by_cycle.pdf OSMOTIC_STRESS_T150_SE_REP1.mLb.clN.sorted.bam 
ERROR	2025-07-24 13:25:30	ProcessExecutor	/bin/sh: warning: setlocale: LC_ALL: cannot change locale (en_US.UTF-8)
ERROR	2025-07-24 13:25:30	ProcessExecutor	sh: warning: setlocale: LC_ALL: cannot change locale (en_US.UTF-8)
ERROR	2025-07-24 13:25:30	ProcessExecutor	sh: warning: setlocale: LC_ALL: cannot change locale (en_US.UTF-8)
ERROR	2025-07-24 13:25:30	ProcessExecutor	During startup - Warning messages:
ERROR	2025-07-24 13:25:30	ProcessExecutor	1: Setting LC_CTYPE failed, using "C" 
ERROR	2025-07-24 13:25:30	ProcessExecutor	2: Setting LC_COLLATE failed, using "C" 
ERROR	2025-07-24 13:25:30	ProcessExecutor	3: Setting LC_TIME failed, using "C" 
ERROR	2025-07-24 13:25:30	ProcessExecutor	4: Setting LC_MESSAGES failed, using "C" 
ERROR	2025-07-24 13:25:30	ProcessExecutor	5: Setting LC_MONETARY failed, using "C" 
ERROR	2025-07-24 13:25:30	ProcessExecutor	6: Setting LC_PAPER failed, using "C" 
ERROR	2025-07-24 13:25:30	ProcessExecutor	7: Setting LC_MEASUREMENT failed, using "C" 
INFO	2025-07-24 13:25:30	ProcessExecutor	null device 
INFO	2025-07-24 13:25:30	ProcessExecutor	          1 
ERROR	2025-07-24 13:25:30	ProcessExecutor	sh: warning: setlocale: LC_ALL: cannot change locale (en_US.UTF-8)
INFO	2025-07-24 13:25:30	RExecutor	Executing R script via command: Rscript /tmp/script10733758238284934702.R /storage/nf-core/exec/nextflow_workflow_tracer/work/13/9a4823d666388de52045a6613ed998/OSMOTIC_STRESS_T150_SE_REP1.mLb.clN.CollectMultipleMetrics.quality_distribution_metrics /storage/nf-core/exec/nextflow_workflow_tracer/work/13/9a4823d666388de52045a6613ed998/OSMOTIC_STRESS_T150_SE_REP1.mLb.clN.CollectMultipleMetrics.quality_distribution.pdf OSMOTIC_STRESS_T150_SE_REP1.mLb.clN.sorted.bam 
ERROR	2025-07-24 13:25:30	ProcessExecutor	/bin/sh: warning: setlocale: LC_ALL: cannot change locale (en_US.UTF-8)
ERROR	2025-07-24 13:25:30	ProcessExecutor	sh: warning: setlocale: LC_ALL: cannot change locale (en_US.UTF-8)
ERROR	2025-07-24 13:25:30	ProcessExecutor	sh: warning: setlocale: LC_ALL: cannot change locale (en_US.UTF-8)
ERROR	2025-07-24 13:25:30	ProcessExecutor	During startup - Warning messages:
ERROR	2025-07-24 13:25:30	ProcessExecutor	1: Setting LC_CTYPE failed, using "C" 
ERROR	2025-07-24 13:25:30	ProcessExecutor	2: Setting LC_COLLATE failed, using "C" 
ERROR	2025-07-24 13:25:30	ProcessExecutor	3: Setting LC_TIME failed, using "C" 
ERROR	2025-07-24 13:25:30	ProcessExecutor	4: Setting LC_MESSAGES failed, using "C" 
ERROR	2025-07-24 13:25:30	ProcessExecutor	5: Setting LC_MONETARY failed, using "C" 
ERROR	2025-07-24 13:25:30	ProcessExecutor	6: Setting LC_PAPER failed, using "C" 
ERROR	2025-07-24 13:25:30	ProcessExecutor	7: Setting LC_MEASUREMENT failed, using "C" 
INFO	2025-07-24 13:25:30	ProcessExecutor	null device 
INFO	2025-07-24 13:25:30	ProcessExecutor	          1 
ERROR	2025-07-24 13:25:30	ProcessExecutor	sh: warning: setlocale: LC_ALL: cannot change locale (en_US.UTF-8)
[Thu Jul 24 13:25:30 GMT 2025] picard.analysis.CollectMultipleMetrics done. Elapsed time: 0.04 minutes.
Runtime.totalMemory()=97320960
