Using GATK jar /usr/local/share/gatk4-4.5.0.0-0/gatk-package-4.5.0.0-local.jar
Running:
    java -Dsamjdk.use_async_io_read_samtools=false -Dsamjdk.use_async_io_write_samtools=true -Dsamjdk.use_async_io_write_tribble=false -Dsamjdk.compression_level=2 -Xmx3276M -XX:-UsePerfData -jar /usr/local/share/gatk4-4.5.0.0-0/gatk-package-4.5.0.0-local.jar ApplyBQSR --input test.md.cram --output test.recal.cram --reference genome.fasta --bqsr-recal-file test.recal.table --intervals chr22_1-40001.bed --tmp-dir .
13:20:33.555 INFO  NativeLibraryLoader - Loading libgkl_compression.so from jar:file:/usr/local/share/gatk4-4.5.0.0-0/gatk-package-4.5.0.0-local.jar!/com/intel/gkl/native/libgkl_compression.so
13:20:33.647 INFO  ApplyBQSR - ------------------------------------------------------------
13:20:33.649 INFO  ApplyBQSR - The Genome Analysis Toolkit (GATK) v4.5.0.0
13:20:33.649 INFO  ApplyBQSR - For support and documentation go to https://software.broadinstitute.org/gatk/
13:20:33.649 INFO  ApplyBQSR - Executing as ?@e92e16c4b4f6 on Linux v5.15.0-143-generic amd64
13:20:33.649 INFO  ApplyBQSR - Java runtime: OpenJDK 64-Bit Server VM v17.0.10-internal+0-adhoc..src
13:20:33.649 INFO  ApplyBQSR - Start Date/Time: July 20, 2025 at 1:20:33 PM GMT
13:20:33.649 INFO  ApplyBQSR - ------------------------------------------------------------
13:20:33.649 INFO  ApplyBQSR - ------------------------------------------------------------
13:20:33.650 INFO  ApplyBQSR - HTSJDK Version: 4.1.0
13:20:33.650 INFO  ApplyBQSR - Picard Version: 3.1.1
13:20:33.650 INFO  ApplyBQSR - Built for Spark Version: 3.5.0
13:20:33.651 INFO  ApplyBQSR - HTSJDK Defaults.COMPRESSION_LEVEL : 2
13:20:33.651 INFO  ApplyBQSR - HTSJDK Defaults.USE_ASYNC_IO_READ_FOR_SAMTOOLS : false
13:20:33.651 INFO  ApplyBQSR - HTSJDK Defaults.USE_ASYNC_IO_WRITE_FOR_SAMTOOLS : true
13:20:33.651 INFO  ApplyBQSR - HTSJDK Defaults.USE_ASYNC_IO_WRITE_FOR_TRIBBLE : false
13:20:33.651 INFO  ApplyBQSR - Deflater: IntelDeflater
13:20:33.651 INFO  ApplyBQSR - Inflater: IntelInflater
13:20:33.651 INFO  ApplyBQSR - GCS max retries/reopens: 20
13:20:33.651 INFO  ApplyBQSR - Requester pays: disabled
13:20:33.652 INFO  ApplyBQSR - Initializing engine
13:20:33.770 INFO  FeatureManager - Using codec BEDCodec to read file file:///storage/nf-core/exec/nextflow_workflow_tracer/work/26/8608ccfb9989e37f26ec0b08bb0e80/chr22_1-40001.bed
13:20:33.780 INFO  IntervalArgumentCollection - Processing 40001 bp from intervals
13:20:33.782 INFO  ApplyBQSR - Done initializing engine
13:20:33.794 INFO  ProgressMeter - Starting traversal
13:20:33.795 INFO  ProgressMeter -        Current Locus  Elapsed Minutes       Reads Processed     Reads/Minute
13:20:35.394 INFO  ApplyBQSR - 0 read(s) filtered by: WellformedReadFilter 

13:20:35.394 INFO  ProgressMeter -          chr22:38167              0.0                 37424        1404277.7
13:20:35.394 INFO  ProgressMeter - Traversal complete. Processed 37424 total reads in 0.0 minutes.
13:20:35.506 INFO  ApplyBQSR - Shutting down engine
[July 20, 2025 at 1:20:35 PM GMT] org.broadinstitute.hellbender.tools.walkers.bqsr.ApplyBQSR done. Elapsed time: 0.03 minutes.
Runtime.totalMemory()=411041792
