/usr/local/bin/picard: line 5: warning: setlocale: LC_ALL: cannot change locale (en_US.UTF-8): No such file or directory
INFO	2025-07-24 13:19:23	RExecutor	Executing R script via command: Rscript /tmp/script17131074685448669571.R
ERROR	2025-07-24 13:19:23	ProcessExecutor	/bin/sh: warning: setlocale: LC_ALL: cannot change locale (en_US.UTF-8)
ERROR	2025-07-24 13:19:24	ProcessExecutor	sh: warning: setlocale: LC_ALL: cannot change locale (en_US.UTF-8)
ERROR	2025-07-24 13:19:24	ProcessExecutor	sh: warning: setlocale: LC_ALL: cannot change locale (en_US.UTF-8)
ERROR	2025-07-24 13:19:24	ProcessExecutor	During startup - Warning messages:
ERROR	2025-07-24 13:19:24	ProcessExecutor	1: Setting LC_CTYPE failed, using "C" 
ERROR	2025-07-24 13:19:24	ProcessExecutor	2: Setting LC_COLLATE failed, using "C" 
ERROR	2025-07-24 13:19:24	ProcessExecutor	3: Setting LC_TIME failed, using "C" 
ERROR	2025-07-24 13:19:24	ProcessExecutor	4: Setting LC_MESSAGES failed, using "C" 
ERROR	2025-07-24 13:19:24	ProcessExecutor	5: Setting LC_MONETARY failed, using "C" 
ERROR	2025-07-24 13:19:24	ProcessExecutor	6: Setting LC_PAPER failed, using "C" 
ERROR	2025-07-24 13:19:24	ProcessExecutor	7: Setting LC_MEASUREMENT failed, using "C" 
INFO	2025-07-24 13:19:24	ProcessExecutor	[1] "Checking if R is installed"
ERROR	2025-07-24 13:19:24	ProcessExecutor	sh: warning: setlocale: LC_ALL: cannot change locale (en_US.UTF-8)
13:19:24.169 INFO  NativeLibraryLoader - Loading libgkl_compression.so from jar:file:/usr/local/share/picard-3.0.0-1/picard.jar!/com/intel/gkl/native/libgkl_compression.so
[Thu Jul 24 13:19:24 GMT 2025] CollectMultipleMetrics --INPUT OSMOTIC_STRESS_T0_PE_REP1.mLb.clN.sorted.bam --OUTPUT OSMOTIC_STRESS_T0_PE_REP1.mLb.clN.CollectMultipleMetrics --TMP_DIR tmp --VALIDATION_STRINGENCY LENIENT --REFERENCE_SEQUENCE genome.fa --ASSUME_SORTED true --STOP_AFTER 0 --METRIC_ACCUMULATION_LEVEL ALL_READS --PROGRAM CollectAlignmentSummaryMetrics --PROGRAM CollectBaseDistributionByCycle --PROGRAM CollectInsertSizeMetrics --PROGRAM MeanQualityByCycle --PROGRAM QualityScoreDistribution --INCLUDE_UNPAIRED false --VERBOSITY INFO --QUIET false --COMPRESSION_LEVEL 5 --MAX_RECORDS_IN_RAM 500000 --CREATE_INDEX false --CREATE_MD5_FILE false --help false --version false --showHidden false --USE_JDK_DEFLATER false --USE_JDK_INFLATER false
[Thu Jul 24 13:19:24 GMT 2025] Executing as root@1c48c11439a2 on Linux 5.15.0-143-generic amd64; OpenJDK 64-Bit Server VM 17.0.3-internal+0-adhoc..src; Deflater: Intel; Inflater: Intel; Provider GCS is not available; Picard version: Version:3.0.0
INFO	2025-07-24 13:19:25	RExecutor	Executing R script via command: Rscript /tmp/script16192169433253582262.R /storage/nf-core/exec/nextflow_workflow_tracer/work/31/9fcbb3b56d98bb6246069a5ca1d29c/OSMOTIC_STRESS_T0_PE_REP1.mLb.clN.CollectMultipleMetrics.alignment_summary_metrics /storage/nf-core/exec/nextflow_workflow_tracer/work/31/9fcbb3b56d98bb6246069a5ca1d29c/OSMOTIC_STRESS_T0_PE_REP1.mLb.clN.CollectMultipleMetrics.read_length_histogram.pdf OSMOTIC_STRESS_T0_PE_REP1.mLb.clN.sorted.bam
ERROR	2025-07-24 13:19:25	ProcessExecutor	/bin/sh: warning: setlocale: LC_ALL: cannot change locale (en_US.UTF-8)
ERROR	2025-07-24 13:19:25	ProcessExecutor	sh: warning: setlocale: LC_ALL: cannot change locale (en_US.UTF-8)
ERROR	2025-07-24 13:19:25	ProcessExecutor	sh: warning: setlocale: LC_ALL: cannot change locale (en_US.UTF-8)
ERROR	2025-07-24 13:19:25	ProcessExecutor	During startup - Warning messages:
ERROR	2025-07-24 13:19:25	ProcessExecutor	1: Setting LC_CTYPE failed, using "C" 
ERROR	2025-07-24 13:19:25	ProcessExecutor	2: Setting LC_COLLATE failed, using "C" 
ERROR	2025-07-24 13:19:25	ProcessExecutor	3: Setting LC_TIME failed, using "C" 
ERROR	2025-07-24 13:19:25	ProcessExecutor	4: Setting LC_MESSAGES failed, using "C" 
ERROR	2025-07-24 13:19:25	ProcessExecutor	5: Setting LC_MONETARY failed, using "C" 
ERROR	2025-07-24 13:19:25	ProcessExecutor	6: Setting LC_PAPER failed, using "C" 
ERROR	2025-07-24 13:19:25	ProcessExecutor	7: Setting LC_MEASUREMENT failed, using "C" 
INFO	2025-07-24 13:19:25	ProcessExecutor	null device 
INFO	2025-07-24 13:19:25	ProcessExecutor	          1 
ERROR	2025-07-24 13:19:25	ProcessExecutor	sh: warning: setlocale: LC_ALL: cannot change locale (en_US.UTF-8)
INFO	2025-07-24 13:19:25	RExecutor	Executing R script via command: Rscript /tmp/script15693020324711572674.R /storage/nf-core/exec/nextflow_workflow_tracer/work/31/9fcbb3b56d98bb6246069a5ca1d29c/OSMOTIC_STRESS_T0_PE_REP1.mLb.clN.CollectMultipleMetrics.base_distribution_by_cycle_metrics /storage/nf-core/exec/nextflow_workflow_tracer/work/31/9fcbb3b56d98bb6246069a5ca1d29c/OSMOTIC_STRESS_T0_PE_REP1.mLb.clN.CollectMultipleMetrics.base_distribution_by_cycle.pdf OSMOTIC_STRESS_T0_PE_REP1.mLb.clN.sorted.bam OSMOTIC_STRESS_T0_PE_REP1_T1
ERROR	2025-07-24 13:19:25	ProcessExecutor	/bin/sh: warning: setlocale: LC_ALL: cannot change locale (en_US.UTF-8)
ERROR	2025-07-24 13:19:25	ProcessExecutor	sh: warning: setlocale: LC_ALL: cannot change locale (en_US.UTF-8)
ERROR	2025-07-24 13:19:25	ProcessExecutor	sh: warning: setlocale: LC_ALL: cannot change locale (en_US.UTF-8)
ERROR	2025-07-24 13:19:25	ProcessExecutor	During startup - Warning messages:
ERROR	2025-07-24 13:19:25	ProcessExecutor	1: Setting LC_CTYPE failed, using "C" 
ERROR	2025-07-24 13:19:25	ProcessExecutor	2: Setting LC_COLLATE failed, using "C" 
ERROR	2025-07-24 13:19:25	ProcessExecutor	3: Setting LC_TIME failed, using "C" 
ERROR	2025-07-24 13:19:25	ProcessExecutor	4: Setting LC_MESSAGES failed, using "C" 
ERROR	2025-07-24 13:19:25	ProcessExecutor	5: Setting LC_MONETARY failed, using "C" 
ERROR	2025-07-24 13:19:25	ProcessExecutor	6: Setting LC_PAPER failed, using "C" 
ERROR	2025-07-24 13:19:25	ProcessExecutor	7: Setting LC_MEASUREMENT failed, using "C" 
INFO	2025-07-24 13:19:26	ProcessExecutor	null device 
INFO	2025-07-24 13:19:26	ProcessExecutor	          1 
ERROR	2025-07-24 13:19:26	ProcessExecutor	sh: warning: setlocale: LC_ALL: cannot change locale (en_US.UTF-8)
INFO	2025-07-24 13:19:26	RExecutor	Executing R script via command: Rscript /tmp/script3225846560368491224.R /storage/nf-core/exec/nextflow_workflow_tracer/work/31/9fcbb3b56d98bb6246069a5ca1d29c/OSMOTIC_STRESS_T0_PE_REP1.mLb.clN.CollectMultipleMetrics.insert_size_metrics /storage/nf-core/exec/nextflow_workflow_tracer/work/31/9fcbb3b56d98bb6246069a5ca1d29c/OSMOTIC_STRESS_T0_PE_REP1.mLb.clN.CollectMultipleMetrics.insert_size_histogram.pdf OSMOTIC_STRESS_T0_PE_REP1.mLb.clN.sorted.bam
ERROR	2025-07-24 13:19:26	ProcessExecutor	/bin/sh: warning: setlocale: LC_ALL: cannot change locale (en_US.UTF-8)
ERROR	2025-07-24 13:19:26	ProcessExecutor	sh: warning: setlocale: LC_ALL: cannot change locale (en_US.UTF-8)
ERROR	2025-07-24 13:19:26	ProcessExecutor	sh: warning: setlocale: LC_ALL: cannot change locale (en_US.UTF-8)
ERROR	2025-07-24 13:19:26	ProcessExecutor	During startup - Warning messages:
ERROR	2025-07-24 13:19:26	ProcessExecutor	1: Setting LC_CTYPE failed, using "C" 
ERROR	2025-07-24 13:19:26	ProcessExecutor	2: Setting LC_COLLATE failed, using "C" 
ERROR	2025-07-24 13:19:26	ProcessExecutor	3: Setting LC_TIME failed, using "C" 
ERROR	2025-07-24 13:19:26	ProcessExecutor	4: Setting LC_MESSAGES failed, using "C" 
ERROR	2025-07-24 13:19:26	ProcessExecutor	5: Setting LC_MONETARY failed, using "C" 
ERROR	2025-07-24 13:19:26	ProcessExecutor	6: Setting LC_PAPER failed, using "C" 
ERROR	2025-07-24 13:19:26	ProcessExecutor	7: Setting LC_MEASUREMENT failed, using "C" 
INFO	2025-07-24 13:19:26	ProcessExecutor	null device 
INFO	2025-07-24 13:19:26	ProcessExecutor	          1 
ERROR	2025-07-24 13:19:26	ProcessExecutor	sh: warning: setlocale: LC_ALL: cannot change locale (en_US.UTF-8)
INFO	2025-07-24 13:19:26	RExecutor	Executing R script via command: Rscript /tmp/script8384753301454670187.R /storage/nf-core/exec/nextflow_workflow_tracer/work/31/9fcbb3b56d98bb6246069a5ca1d29c/OSMOTIC_STRESS_T0_PE_REP1.mLb.clN.CollectMultipleMetrics.quality_by_cycle_metrics /storage/nf-core/exec/nextflow_workflow_tracer/work/31/9fcbb3b56d98bb6246069a5ca1d29c/OSMOTIC_STRESS_T0_PE_REP1.mLb.clN.CollectMultipleMetrics.quality_by_cycle.pdf OSMOTIC_STRESS_T0_PE_REP1.mLb.clN.sorted.bam OSMOTIC_STRESS_T0_PE_REP1_T1
ERROR	2025-07-24 13:19:26	ProcessExecutor	/bin/sh: warning: setlocale: LC_ALL: cannot change locale (en_US.UTF-8)
ERROR	2025-07-24 13:19:26	ProcessExecutor	sh: warning: setlocale: LC_ALL: cannot change locale (en_US.UTF-8)
ERROR	2025-07-24 13:19:26	ProcessExecutor	sh: warning: setlocale: LC_ALL: cannot change locale (en_US.UTF-8)
ERROR	2025-07-24 13:19:26	ProcessExecutor	During startup - Warning messages:
ERROR	2025-07-24 13:19:26	ProcessExecutor	1: Setting LC_CTYPE failed, using "C" 
ERROR	2025-07-24 13:19:26	ProcessExecutor	2: Setting LC_COLLATE failed, using "C" 
ERROR	2025-07-24 13:19:26	ProcessExecutor	3: Setting LC_TIME failed, using "C" 
ERROR	2025-07-24 13:19:26	ProcessExecutor	4: Setting LC_MESSAGES failed, using "C" 
ERROR	2025-07-24 13:19:26	ProcessExecutor	5: Setting LC_MONETARY failed, using "C" 
ERROR	2025-07-24 13:19:26	ProcessExecutor	6: Setting LC_PAPER failed, using "C" 
ERROR	2025-07-24 13:19:26	ProcessExecutor	7: Setting LC_MEASUREMENT failed, using "C" 
INFO	2025-07-24 13:19:26	ProcessExecutor	null device 
INFO	2025-07-24 13:19:26	ProcessExecutor	          1 
ERROR	2025-07-24 13:19:26	ProcessExecutor	sh: warning: setlocale: LC_ALL: cannot change locale (en_US.UTF-8)
INFO	2025-07-24 13:19:26	RExecutor	Executing R script via command: Rscript /tmp/script4750699005085503733.R /storage/nf-core/exec/nextflow_workflow_tracer/work/31/9fcbb3b56d98bb6246069a5ca1d29c/OSMOTIC_STRESS_T0_PE_REP1.mLb.clN.CollectMultipleMetrics.quality_distribution_metrics /storage/nf-core/exec/nextflow_workflow_tracer/work/31/9fcbb3b56d98bb6246069a5ca1d29c/OSMOTIC_STRESS_T0_PE_REP1.mLb.clN.CollectMultipleMetrics.quality_distribution.pdf OSMOTIC_STRESS_T0_PE_REP1.mLb.clN.sorted.bam OSMOTIC_STRESS_T0_PE_REP1_T1
ERROR	2025-07-24 13:19:26	ProcessExecutor	/bin/sh: warning: setlocale: LC_ALL: cannot change locale (en_US.UTF-8)
ERROR	2025-07-24 13:19:27	ProcessExecutor	sh: warning: setlocale: LC_ALL: cannot change locale (en_US.UTF-8)
ERROR	2025-07-24 13:19:27	ProcessExecutor	sh: warning: setlocale: LC_ALL: cannot change locale (en_US.UTF-8)
ERROR	2025-07-24 13:19:27	ProcessExecutor	During startup - Warning messages:
ERROR	2025-07-24 13:19:27	ProcessExecutor	1: Setting LC_CTYPE failed, using "C" 
ERROR	2025-07-24 13:19:27	ProcessExecutor	2: Setting LC_COLLATE failed, using "C" 
ERROR	2025-07-24 13:19:27	ProcessExecutor	3: Setting LC_TIME failed, using "C" 
ERROR	2025-07-24 13:19:27	ProcessExecutor	4: Setting LC_MESSAGES failed, using "C" 
ERROR	2025-07-24 13:19:27	ProcessExecutor	5: Setting LC_MONETARY failed, using "C" 
ERROR	2025-07-24 13:19:27	ProcessExecutor	6: Setting LC_PAPER failed, using "C" 
ERROR	2025-07-24 13:19:27	ProcessExecutor	7: Setting LC_MEASUREMENT failed, using "C" 
INFO	2025-07-24 13:19:27	ProcessExecutor	null device 
INFO	2025-07-24 13:19:27	ProcessExecutor	          1 
ERROR	2025-07-24 13:19:27	ProcessExecutor	sh: warning: setlocale: LC_ALL: cannot change locale (en_US.UTF-8)
[Thu Jul 24 13:19:27 GMT 2025] picard.analysis.CollectMultipleMetrics done. Elapsed time: 0.05 minutes.
Runtime.totalMemory()=97320960
